{
  "url": "https://api.github.com/repos/commoncrawl/commoncrawl/pulls/15",
  "id": 121245249,
  "html_url": "https://github.com/commoncrawl/commoncrawl/pull/15",
  "diff_url": "https://github.com/commoncrawl/commoncrawl/pull/15.diff",
  "patch_url": "https://github.com/commoncrawl/commoncrawl/pull/15.patch",
  "issue_url": "https://api.github.com/repos/commoncrawl/commoncrawl/issues/15",
  "number": 15,
  "state": "open",
  "locked": false,
  "title": "Fix broken url to \"Better Bloom Filter\" paper",
  "user": {
    "login": "andrelaszlo",
    "id": 21381,
    "avatar_url": "https://avatars1.githubusercontent.com/u/21381?v=3",
    "gravatar_id": "",
    "url": "https://api.github.com/users/andrelaszlo",
    "html_url": "https://github.com/andrelaszlo",
    "followers_url": "https://api.github.com/users/andrelaszlo/followers",
    "following_url": "https://api.github.com/users/andrelaszlo/following{/other_user}",
    "gists_url": "https://api.github.com/users/andrelaszlo/gists{/gist_id}",
    "starred_url": "https://api.github.com/users/andrelaszlo/starred{/owner}{/repo}",
    "subscriptions_url": "https://api.github.com/users/andrelaszlo/subscriptions",
    "organizations_url": "https://api.github.com/users/andrelaszlo/orgs",
    "repos_url": "https://api.github.com/users/andrelaszlo/repos",
    "events_url": "https://api.github.com/users/andrelaszlo/events{/privacy}",
    "received_events_url": "https://api.github.com/users/andrelaszlo/received_events",
    "type": "User",
    "site_admin": false
  },
  "body": "I noticed that this link was broken so I replaced it with a link to a copy provided by the other author",
  "created_at": "2017-05-18T10:02:17Z",
  "updated_at": "2017-05-18T10:02:17Z",
  "closed_at": null,
  "merged_at": null,
  "merge_commit_sha": null,
  "assignee": null,
  "assignees": [

  ],
  "requested_reviewers": [

  ],
  "milestone": null,
  "commits_url": "https://api.github.com/repos/commoncrawl/commoncrawl/pulls/15/commits",
  "review_comments_url": "https://api.github.com/repos/commoncrawl/commoncrawl/pulls/15/comments",
  "review_comment_url": "https://api.github.com/repos/commoncrawl/commoncrawl/pulls/comments{/number}",
  "comments_url": "https://api.github.com/repos/commoncrawl/commoncrawl/issues/15/comments",
  "statuses_url": "https://api.github.com/repos/commoncrawl/commoncrawl/statuses/136b5787aa6078e1c0c50908abc55ff534419bc8",
  "head": {
    "label": "andrelaszlo:master",
    "ref": "master",
    "sha": "136b5787aa6078e1c0c50908abc55ff534419bc8",
    "user": {
      "login": "andrelaszlo",
      "id": 21381,
      "avatar_url": "https://avatars1.githubusercontent.com/u/21381?v=3",
      "gravatar_id": "",
      "url": "https://api.github.com/users/andrelaszlo",
      "html_url": "https://github.com/andrelaszlo",
      "followers_url": "https://api.github.com/users/andrelaszlo/followers",
      "following_url": "https://api.github.com/users/andrelaszlo/following{/other_user}",
      "gists_url": "https://api.github.com/users/andrelaszlo/gists{/gist_id}",
      "starred_url": "https://api.github.com/users/andrelaszlo/starred{/owner}{/repo}",
      "subscriptions_url": "https://api.github.com/users/andrelaszlo/subscriptions",
      "organizations_url": "https://api.github.com/users/andrelaszlo/orgs",
      "repos_url": "https://api.github.com/users/andrelaszlo/repos",
      "events_url": "https://api.github.com/users/andrelaszlo/events{/privacy}",
      "received_events_url": "https://api.github.com/users/andrelaszlo/received_events",
      "type": "User",
      "site_admin": false
    },
    "repo": {
      "id": 91678305,
      "name": "commoncrawl",
      "full_name": "andrelaszlo/commoncrawl",
      "owner": {
        "login": "andrelaszlo",
        "id": 21381,
        "avatar_url": "https://avatars1.githubusercontent.com/u/21381?v=3",
        "gravatar_id": "",
        "url": "https://api.github.com/users/andrelaszlo",
        "html_url": "https://github.com/andrelaszlo",
        "followers_url": "https://api.github.com/users/andrelaszlo/followers",
        "following_url": "https://api.github.com/users/andrelaszlo/following{/other_user}",
        "gists_url": "https://api.github.com/users/andrelaszlo/gists{/gist_id}",
        "starred_url": "https://api.github.com/users/andrelaszlo/starred{/owner}{/repo}",
        "subscriptions_url": "https://api.github.com/users/andrelaszlo/subscriptions",
        "organizations_url": "https://api.github.com/users/andrelaszlo/orgs",
        "repos_url": "https://api.github.com/users/andrelaszlo/repos",
        "events_url": "https://api.github.com/users/andrelaszlo/events{/privacy}",
        "received_events_url": "https://api.github.com/users/andrelaszlo/received_events",
        "type": "User",
        "site_admin": false
      },
      "private": false,
      "html_url": "https://github.com/andrelaszlo/commoncrawl",
      "description": "CommonCrawl Project Repository ",
      "fork": true,
      "url": "https://api.github.com/repos/andrelaszlo/commoncrawl",
      "forks_url": "https://api.github.com/repos/andrelaszlo/commoncrawl/forks",
      "keys_url": "https://api.github.com/repos/andrelaszlo/commoncrawl/keys{/key_id}",
      "collaborators_url": "https://api.github.com/repos/andrelaszlo/commoncrawl/collaborators{/collaborator}",
      "teams_url": "https://api.github.com/repos/andrelaszlo/commoncrawl/teams",
      "hooks_url": "https://api.github.com/repos/andrelaszlo/commoncrawl/hooks",
      "issue_events_url": "https://api.github.com/repos/andrelaszlo/commoncrawl/issues/events{/number}",
      "events_url": "https://api.github.com/repos/andrelaszlo/commoncrawl/events",
      "assignees_url": "https://api.github.com/repos/andrelaszlo/commoncrawl/assignees{/user}",
      "branches_url": "https://api.github.com/repos/andrelaszlo/commoncrawl/branches{/branch}",
      "tags_url": "https://api.github.com/repos/andrelaszlo/commoncrawl/tags",
      "blobs_url": "https://api.github.com/repos/andrelaszlo/commoncrawl/git/blobs{/sha}",
      "git_tags_url": "https://api.github.com/repos/andrelaszlo/commoncrawl/git/tags{/sha}",
      "git_refs_url": "https://api.github.com/repos/andrelaszlo/commoncrawl/git/refs{/sha}",
      "trees_url": "https://api.github.com/repos/andrelaszlo/commoncrawl/git/trees{/sha}",
      "statuses_url": "https://api.github.com/repos/andrelaszlo/commoncrawl/statuses/{sha}",
      "languages_url": "https://api.github.com/repos/andrelaszlo/commoncrawl/languages",
      "stargazers_url": "https://api.github.com/repos/andrelaszlo/commoncrawl/stargazers",
      "contributors_url": "https://api.github.com/repos/andrelaszlo/commoncrawl/contributors",
      "subscribers_url": "https://api.github.com/repos/andrelaszlo/commoncrawl/subscribers",
      "subscription_url": "https://api.github.com/repos/andrelaszlo/commoncrawl/subscription",
      "commits_url": "https://api.github.com/repos/andrelaszlo/commoncrawl/commits{/sha}",
      "git_commits_url": "https://api.github.com/repos/andrelaszlo/commoncrawl/git/commits{/sha}",
      "comments_url": "https://api.github.com/repos/andrelaszlo/commoncrawl/comments{/number}",
      "issue_comment_url": "https://api.github.com/repos/andrelaszlo/commoncrawl/issues/comments{/number}",
      "contents_url": "https://api.github.com/repos/andrelaszlo/commoncrawl/contents/{+path}",
      "compare_url": "https://api.github.com/repos/andrelaszlo/commoncrawl/compare/{base}...{head}",
      "merges_url": "https://api.github.com/repos/andrelaszlo/commoncrawl/merges",
      "archive_url": "https://api.github.com/repos/andrelaszlo/commoncrawl/{archive_format}{/ref}",
      "downloads_url": "https://api.github.com/repos/andrelaszlo/commoncrawl/downloads",
      "issues_url": "https://api.github.com/repos/andrelaszlo/commoncrawl/issues{/number}",
      "pulls_url": "https://api.github.com/repos/andrelaszlo/commoncrawl/pulls{/number}",
      "milestones_url": "https://api.github.com/repos/andrelaszlo/commoncrawl/milestones{/number}",
      "notifications_url": "https://api.github.com/repos/andrelaszlo/commoncrawl/notifications{?since,all,participating}",
      "labels_url": "https://api.github.com/repos/andrelaszlo/commoncrawl/labels{/name}",
      "releases_url": "https://api.github.com/repos/andrelaszlo/commoncrawl/releases{/id}",
      "deployments_url": "https://api.github.com/repos/andrelaszlo/commoncrawl/deployments",
      "created_at": "2017-05-18T10:01:54Z",
      "updated_at": "2017-05-18T10:01:57Z",
      "pushed_at": "2017-05-18T10:02:16Z",
      "git_url": "git://github.com/andrelaszlo/commoncrawl.git",
      "ssh_url": "git@github.com:andrelaszlo/commoncrawl.git",
      "clone_url": "https://github.com/andrelaszlo/commoncrawl.git",
      "svn_url": "https://github.com/andrelaszlo/commoncrawl",
      "homepage": "http://www.commoncrawl.org",
      "size": 13519,
      "stargazers_count": 0,
      "watchers_count": 0,
      "language": "C++",
      "has_issues": false,
      "has_projects": true,
      "has_downloads": true,
      "has_wiki": true,
      "has_pages": false,
      "forks_count": 0,
      "mirror_url": null,
      "open_issues_count": 0,
      "forks": 0,
      "open_issues": 0,
      "watchers": 0,
      "default_branch": "master"
    }
  },
  "base": {
    "label": "commoncrawl:master",
    "ref": "master",
    "sha": "8623b0d96c1427833bc2f0e958e0cc800ec504ae",
    "user": {
      "login": "commoncrawl",
      "id": 1194841,
      "avatar_url": "https://avatars2.githubusercontent.com/u/1194841?v=3",
      "gravatar_id": "",
      "url": "https://api.github.com/users/commoncrawl",
      "html_url": "https://github.com/commoncrawl",
      "followers_url": "https://api.github.com/users/commoncrawl/followers",
      "following_url": "https://api.github.com/users/commoncrawl/following{/other_user}",
      "gists_url": "https://api.github.com/users/commoncrawl/gists{/gist_id}",
      "starred_url": "https://api.github.com/users/commoncrawl/starred{/owner}{/repo}",
      "subscriptions_url": "https://api.github.com/users/commoncrawl/subscriptions",
      "organizations_url": "https://api.github.com/users/commoncrawl/orgs",
      "repos_url": "https://api.github.com/users/commoncrawl/repos",
      "events_url": "https://api.github.com/users/commoncrawl/events{/privacy}",
      "received_events_url": "https://api.github.com/users/commoncrawl/received_events",
      "type": "Organization",
      "site_admin": false
    },
    "repo": {
      "id": 2775763,
      "name": "commoncrawl",
      "full_name": "commoncrawl/commoncrawl",
      "owner": {
        "login": "commoncrawl",
        "id": 1194841,
        "avatar_url": "https://avatars2.githubusercontent.com/u/1194841?v=3",
        "gravatar_id": "",
        "url": "https://api.github.com/users/commoncrawl",
        "html_url": "https://github.com/commoncrawl",
        "followers_url": "https://api.github.com/users/commoncrawl/followers",
        "following_url": "https://api.github.com/users/commoncrawl/following{/other_user}",
        "gists_url": "https://api.github.com/users/commoncrawl/gists{/gist_id}",
        "starred_url": "https://api.github.com/users/commoncrawl/starred{/owner}{/repo}",
        "subscriptions_url": "https://api.github.com/users/commoncrawl/subscriptions",
        "organizations_url": "https://api.github.com/users/commoncrawl/orgs",
        "repos_url": "https://api.github.com/users/commoncrawl/repos",
        "events_url": "https://api.github.com/users/commoncrawl/events{/privacy}",
        "received_events_url": "https://api.github.com/users/commoncrawl/received_events",
        "type": "Organization",
        "site_admin": false
      },
      "private": false,
      "html_url": "https://github.com/commoncrawl/commoncrawl",
      "description": "CommonCrawl Project Repository ",
      "fork": false,
      "url": "https://api.github.com/repos/commoncrawl/commoncrawl",
      "forks_url": "https://api.github.com/repos/commoncrawl/commoncrawl/forks",
      "keys_url": "https://api.github.com/repos/commoncrawl/commoncrawl/keys{/key_id}",
      "collaborators_url": "https://api.github.com/repos/commoncrawl/commoncrawl/collaborators{/collaborator}",
      "teams_url": "https://api.github.com/repos/commoncrawl/commoncrawl/teams",
      "hooks_url": "https://api.github.com/repos/commoncrawl/commoncrawl/hooks",
      "issue_events_url": "https://api.github.com/repos/commoncrawl/commoncrawl/issues/events{/number}",
      "events_url": "https://api.github.com/repos/commoncrawl/commoncrawl/events",
      "assignees_url": "https://api.github.com/repos/commoncrawl/commoncrawl/assignees{/user}",
      "branches_url": "https://api.github.com/repos/commoncrawl/commoncrawl/branches{/branch}",
      "tags_url": "https://api.github.com/repos/commoncrawl/commoncrawl/tags",
      "blobs_url": "https://api.github.com/repos/commoncrawl/commoncrawl/git/blobs{/sha}",
      "git_tags_url": "https://api.github.com/repos/commoncrawl/commoncrawl/git/tags{/sha}",
      "git_refs_url": "https://api.github.com/repos/commoncrawl/commoncrawl/git/refs{/sha}",
      "trees_url": "https://api.github.com/repos/commoncrawl/commoncrawl/git/trees{/sha}",
      "statuses_url": "https://api.github.com/repos/commoncrawl/commoncrawl/statuses/{sha}",
      "languages_url": "https://api.github.com/repos/commoncrawl/commoncrawl/languages",
      "stargazers_url": "https://api.github.com/repos/commoncrawl/commoncrawl/stargazers",
      "contributors_url": "https://api.github.com/repos/commoncrawl/commoncrawl/contributors",
      "subscribers_url": "https://api.github.com/repos/commoncrawl/commoncrawl/subscribers",
      "subscription_url": "https://api.github.com/repos/commoncrawl/commoncrawl/subscription",
      "commits_url": "https://api.github.com/repos/commoncrawl/commoncrawl/commits{/sha}",
      "git_commits_url": "https://api.github.com/repos/commoncrawl/commoncrawl/git/commits{/sha}",
      "comments_url": "https://api.github.com/repos/commoncrawl/commoncrawl/comments{/number}",
      "issue_comment_url": "https://api.github.com/repos/commoncrawl/commoncrawl/issues/comments{/number}",
      "contents_url": "https://api.github.com/repos/commoncrawl/commoncrawl/contents/{+path}",
      "compare_url": "https://api.github.com/repos/commoncrawl/commoncrawl/compare/{base}...{head}",
      "merges_url": "https://api.github.com/repos/commoncrawl/commoncrawl/merges",
      "archive_url": "https://api.github.com/repos/commoncrawl/commoncrawl/{archive_format}{/ref}",
      "downloads_url": "https://api.github.com/repos/commoncrawl/commoncrawl/downloads",
      "issues_url": "https://api.github.com/repos/commoncrawl/commoncrawl/issues{/number}",
      "pulls_url": "https://api.github.com/repos/commoncrawl/commoncrawl/pulls{/number}",
      "milestones_url": "https://api.github.com/repos/commoncrawl/commoncrawl/milestones{/number}",
      "notifications_url": "https://api.github.com/repos/commoncrawl/commoncrawl/notifications{?since,all,participating}",
      "labels_url": "https://api.github.com/repos/commoncrawl/commoncrawl/labels{/name}",
      "releases_url": "https://api.github.com/repos/commoncrawl/commoncrawl/releases{/id}",
      "deployments_url": "https://api.github.com/repos/commoncrawl/commoncrawl/deployments",
      "created_at": "2011-11-14T21:53:34Z",
      "updated_at": "2017-05-17T04:46:35Z",
      "pushed_at": "2017-04-20T05:47:47Z",
      "git_url": "git://github.com/commoncrawl/commoncrawl.git",
      "ssh_url": "git@github.com:commoncrawl/commoncrawl.git",
      "clone_url": "https://github.com/commoncrawl/commoncrawl.git",
      "svn_url": "https://github.com/commoncrawl/commoncrawl",
      "homepage": "http://www.commoncrawl.org",
      "size": 13519,
      "stargazers_count": 449,
      "watchers_count": 449,
      "language": "C++",
      "has_issues": true,
      "has_projects": true,
      "has_downloads": true,
      "has_wiki": true,
      "has_pages": false,
      "forks_count": 94,
      "mirror_url": null,
      "open_issues_count": 8,
      "forks": 94,
      "open_issues": 8,
      "watchers": 449,
      "default_branch": "master"
    }
  },
  "_links": {
    "self": {
      "href": "https://api.github.com/repos/commoncrawl/commoncrawl/pulls/15"
    },
    "html": {
      "href": "https://github.com/commoncrawl/commoncrawl/pull/15"
    },
    "issue": {
      "href": "https://api.github.com/repos/commoncrawl/commoncrawl/issues/15"
    },
    "comments": {
      "href": "https://api.github.com/repos/commoncrawl/commoncrawl/issues/15/comments"
    },
    "review_comments": {
      "href": "https://api.github.com/repos/commoncrawl/commoncrawl/pulls/15/comments"
    },
    "review_comment": {
      "href": "https://api.github.com/repos/commoncrawl/commoncrawl/pulls/comments{/number}"
    },
    "commits": {
      "href": "https://api.github.com/repos/commoncrawl/commoncrawl/pulls/15/commits"
    },
    "statuses": {
      "href": "https://api.github.com/repos/commoncrawl/commoncrawl/statuses/136b5787aa6078e1c0c50908abc55ff534419bc8"
    }
  },
  "merged": false,
  "mergeable": null,
  "rebaseable": null,
  "mergeable_state": "unknown",
  "merged_by": null,
  "comments": 0,
  "review_comments": 0,
  "maintainer_can_modify": true,
  "commits": 1,
  "additions": 1,
  "deletions": 1,
  "changed_files": 1
}
